<?xml version="1.0" encoding="UTF-8"?>
<!-- Generated by org.testng.reporters.JUnitXMLReporter -->
<testsuite hostname="DESKTOP-6SGILJT" ignored="0" name="Test" tests="6" failures="0" timestamp="26 May 2020 12:07:37 GMT" time="0.328" errors="0">
  <testcase name="testcase4" time="0.11" classname="com.testNG.Parallelexecution1"/>
  <testcase name="testcase1" time="0.11" classname="com.testNG.Parallelexecution"/>
  <testcase name="testcase2" time="0.015" classname="com.testNG.Parallelexecution"/>
  <testcase name="testcase5" time="0.015" classname="com.testNG.Parallelexecution1"/>
  <testcase name="testcase6" time="0.015" classname="com.testNG.Parallelexecution1"/>
  <testcase name="testcase3" time="0.016" classname="com.testNG.Parallelexecution"/>
</testsuite> <!-- Test -->
